Using pre-set license
Built from '2020.3/staging' branch; Version is '2020.3.14f1 (d0d1bb862f9d) revision 13685179'; Using compiler version '192528614'; Build Type 'Release'
OS: 'Windows 10 Home; OS build 19043.1288; Version 2009; 64bit' Language: 'en' Physical Memory: 16302 MB
BatchMode: 1, IsHumanControllingUs: 0, StartBugReporterOnCrash: 0, Is64bit: 1, IsPro: 0

 COMMAND LINE ARGUMENTS:
C:\Program Files\Unity\Editor\Unity.exe
-adb2
-batchMode
-noUpm
-name
AssetImportWorker0
-projectPath
C:/Users/proba/OneDrive/Documents/Hospital horror scene/Cinematics_LightaScene-master
-logFile
Logs/AssetImportWorker0.log
-srvPort
53153
Successfully changed project path to: C:/Users/proba/OneDrive/Documents/Hospital horror scene/Cinematics_LightaScene-master
C:/Users/proba/OneDrive/Documents/Hospital horror scene/Cinematics_LightaScene-master
Using Asset Import Pipeline V2.
Refreshing native plugins compatible for Editor in 28.06 ms, found 2 plugins.
Preloading 0 native plugins for Editor in 0.00 ms.
Initialize engine version: 2020.3.14f1 (d0d1bb862f9d)
[Subsystems] Discovering subsystems at path C:/Program Files/Unity/Editor/Data/Resources/UnitySubsystems
[Subsystems] Discovering subsystems at path C:/Users/proba/OneDrive/Documents/Hospital horror scene/Cinematics_LightaScene-master/Assets
GfxDevice: creating device client; threaded=0
Direct3D:
    Version:  Direct3D 11.0 [level 11.1]
    Renderer: NVIDIA GeForce GTX 1660 (ID=0x2184)
    Vendor:   
    VRAM:     5991 MB
    Driver:   30.0.14.7196
Initialize mono
Mono path[0] = 'C:/Program Files/Unity/Editor/Data/Managed'
Mono path[1] = 'C:/Program Files/Unity/Editor/Data/MonoBleedingEdge/lib/mono/unityjit'
Mono config path = 'C:/Program Files/Unity/Editor/Data/MonoBleedingEdge/etc'
Using monoOptions --debugger-agent=transport=dt_socket,embedding=1,server=y,suspend=n,address=127.0.0.1:56636
Begin MonoManager ReloadAssembly
Registering precompiled unity dll's ...
Register platform support module: C:/Program Files/Unity/Editor/Data/PlaybackEngines/WindowsStandaloneSupport/UnityEditor.WindowsStandalone.Extensions.dll
Registered in 0.001369 seconds.
Native extension for WindowsStandalone target not found
Refreshing native plugins compatible for Editor in 26.37 ms, found 2 plugins.
Preloading 0 native plugins for Editor in 0.00 ms.
Mono: successfully reloaded assembly
- Completed reload, in  0.743 seconds
Domain Reload Profiling:
	ReloadAssembly (743ms)
		BeginReloadAssembly (38ms)
			ExecutionOrderSort (0ms)
			DisableScriptedObjects (0ms)
			BackupInstance (0ms)
			ReleaseScriptingObjects (0ms)
			CreateAndSetChildDomain (1ms)
		EndReloadAssembly (313ms)
			LoadAssemblies (36ms)
			RebuildTransferFunctionScriptingTraits (0ms)
			SetupTypeCache (119ms)
			ReleaseScriptCaches (0ms)
			RebuildScriptCaches (22ms)
			SetupLoadedEditorAssemblies (116ms)
				LogAssemblyErrors (0ms)
				InitializePlatformSupportModulesInManaged (3ms)
				SetLoadedEditorAssemblies (0ms)
				RefreshPlugins (26ms)
				BeforeProcessingInitializeOnLoad (5ms)
				ProcessInitializeOnLoadAttributes (60ms)
				ProcessInitializeOnLoadMethodAttributes (21ms)
				AfterProcessingInitializeOnLoad (0ms)
				EditorAssembliesLoaded (0ms)
			ExecutionOrderSort2 (0ms)
			AwakeInstancesAfterBackupRestoration (0ms)
Platform modules already initialized, skipping
Registering precompiled user dll's ...
Registered in 0.002815 seconds.
Begin MonoManager ReloadAssembly
Native extension for WindowsStandalone target not found
Refreshing native plugins compatible for Editor in 0.33 ms, found 2 plugins.
Preloading 0 native plugins for Editor in 0.00 ms.
Mono: successfully reloaded assembly
- Completed reload, in  0.770 seconds
Domain Reload Profiling:
	ReloadAssembly (771ms)
		BeginReloadAssembly (108ms)
			ExecutionOrderSort (0ms)
			DisableScriptedObjects (3ms)
			BackupInstance (0ms)
			ReleaseScriptingObjects (0ms)
			CreateAndSetChildDomain (13ms)
		EndReloadAssembly (616ms)
			LoadAssemblies (63ms)
			RebuildTransferFunctionScriptingTraits (0ms)
			SetupTypeCache (216ms)
			ReleaseScriptCaches (0ms)
			RebuildScriptCaches (33ms)
			SetupLoadedEditorAssemblies (230ms)
				LogAssemblyErrors (0ms)
				InitializePlatformSupportModulesInManaged (4ms)
				SetLoadedEditorAssemblies (0ms)
				RefreshPlugins (0ms)
				BeforeProcessingInitializeOnLoad (45ms)
				ProcessInitializeOnLoadAttributes (173ms)
				ProcessInitializeOnLoadMethodAttributes (3ms)
				AfterProcessingInitializeOnLoad (4ms)
				EditorAssembliesLoaded (0ms)
			ExecutionOrderSort2 (0ms)
			AwakeInstancesAfterBackupRestoration (5ms)
Platform modules already initialized, skipping
========================================================================
Worker process is ready to serve import requests
Launched and connected shader compiler UnityShaderCompiler.exe after 0.02 seconds
Refreshing native plugins compatible for Editor in 0.35 ms, found 2 plugins.
Preloading 0 native plugins for Editor in 0.00 ms.
Unloading 1774 Unused Serialized files (Serialized files now loaded: 0)
System memory in use before: 86.0 MB.
System memory in use after: 86.1 MB.

Unloading 18 unused Assets to reduce memory usage. Loaded Objects now: 2218.
Total: 1.523000 ms (FindLiveObjects: 0.165200 ms CreateObjectMapping: 0.064700 ms MarkObjects: 1.236400 ms  DeleteObjects: 0.056300 ms)

AssetImportParameters requested are different than current active one (requested -> active):
  custom:framework-win-MediaFoundation: 216162199b28c13a410421893ffa2e32 -> 
  custom:video-decoder-ogg-theora: a1e56fd34408186e4bbccfd4996cb3dc -> 
  custom:container-muxer-webm: aa71ff27fc2769a1b78a27578f13a17b -> 
  custom:container-demuxer-webm: 4f35f7cbe854078d1ac9338744f61a02 -> 
  custom:container-demuxer-ogg: 62fdf1f143b41e24485cea50d1cbac27 -> 
  custom:video-encoder-webm-vp8: eb34c28f22e8b96e1ab97ce403110664 -> 
  custom:video-decoder-webm-vp8: 9c59270c3fd7afecdb556c50c9e8de78 -> 
  custom:audio-decoder-ogg-vorbis: bf7c407c2cedff20999df2af8eb42d56 -> 
  custom:audio-encoder-webm-vorbis: bf7c407c2cedff20999df2af8eb42d56 -> 
========================================================================
Received Import Request.
  path: Assets/Z_Morgue Room PBR/Models/floor/Materials/ceiling_01_basecolor.tga
  artifactKey: Guid(61bb3df45f6e364409f0dbb8850ddc46) Importer(815301076,1909f56bfc062723c751e8b465ee728b)
Start importing Assets/Z_Morgue Room PBR/Models/floor/Materials/ceiling_01_basecolor.tga using Guid(61bb3df45f6e364409f0dbb8850ddc46) Importer(815301076,1909f56bfc062723c751e8b465ee728b)  -> (artifact id: 'f43ee1c7e51a3c578d572090d0e8794a') in 0.052697 seconds 
  Import took 0.056571 seconds .

========================================================================
Received Import Request.
  Time since last request: 0.000144 seconds.
  path: Assets/Z_Morgue Room PBR/Models/props/Materials/cabinet_Metallic.tga
  artifactKey: Guid(ff3f04c2892b8b34688e427ce83872a2) Importer(815301076,1909f56bfc062723c751e8b465ee728b)
Start importing Assets/Z_Morgue Room PBR/Models/props/Materials/cabinet_Metallic.tga using Guid(ff3f04c2892b8b34688e427ce83872a2) Importer(815301076,1909f56bfc062723c751e8b465ee728b)  -> (artifact id: 'a12332c7f66ad3757f85566e69381210') in 0.008951 seconds 
  Import took 0.011657 seconds .

========================================================================
Received Import Request.
  Time since last request: 0.000132 seconds.
  path: Assets/Z_Morgue Room PBR/Models/props/Materials/autopsy_table_metallic.tga
  artifactKey: Guid(6b967c928581e1445be1d9f138d55740) Importer(815301076,1909f56bfc062723c751e8b465ee728b)
Start importing Assets/Z_Morgue Room PBR/Models/props/Materials/autopsy_table_metallic.tga using Guid(6b967c928581e1445be1d9f138d55740) Importer(815301076,1909f56bfc062723c751e8b465ee728b)  -> (artifact id: '65d47debb0a0b19d7c3de686728baba1') in 0.016674 seconds 
  Import took 0.020035 seconds .

========================================================================
Received Import Request.
  Time since last request: 0.000138 seconds.
  path: Assets/Z_Morgue Room PBR/Models/props/Materials/autopsy_table_basecolor.tga
  artifactKey: Guid(700c1b12da023fc43ab7879fe48274e5) Importer(815301076,1909f56bfc062723c751e8b465ee728b)
Start importing Assets/Z_Morgue Room PBR/Models/props/Materials/autopsy_table_basecolor.tga using Guid(700c1b12da023fc43ab7879fe48274e5) Importer(815301076,1909f56bfc062723c751e8b465ee728b)  -> (artifact id: 'c511c89fabb67621d615e181fe7af172') in 0.021568 seconds 
  Import took 0.024051 seconds .

========================================================================
Received Import Request.
  Time since last request: 0.000161 seconds.
  path: Assets/Z_Morgue Room PBR/Models/props/Materials/autopsy_table_normal.tga
  artifactKey: Guid(e4190e4e68c7ba743b8aa014e5ddf078) Importer(815301076,1909f56bfc062723c751e8b465ee728b)
Start importing Assets/Z_Morgue Room PBR/Models/props/Materials/autopsy_table_normal.tga using Guid(e4190e4e68c7ba743b8aa014e5ddf078) Importer(815301076,1909f56bfc062723c751e8b465ee728b)  -> (artifact id: '7a65a315b04044539c921c2ca8e91c18') in 0.028848 seconds 
  Import took 0.031581 seconds .

========================================================================
Received Import Request.
  Time since last request: 0.000161 seconds.
  path: Assets/Z_Morgue Room PBR/Models/props/Materials/cabinet_albedo.tga
  artifactKey: Guid(c706b399fa5c2c543a86950d234a3a79) Importer(815301076,1909f56bfc062723c751e8b465ee728b)
Start importing Assets/Z_Morgue Room PBR/Models/props/Materials/cabinet_albedo.tga using Guid(c706b399fa5c2c543a86950d234a3a79) Importer(815301076,1909f56bfc062723c751e8b465ee728b)  -> (artifact id: 'cca8fa312e29798e179e906ab7cb3ec9') in 0.022383 seconds 
  Import took 0.025285 seconds .

========================================================================
Received Import Request.
  Time since last request: 0.000128 seconds.
  path: Assets/Z_Morgue Room PBR/Models/props/Materials/cabinet_normal.tga
  artifactKey: Guid(b69924bad1c49a14b9e0239e325bccf8) Importer(815301076,1909f56bfc062723c751e8b465ee728b)
Start importing Assets/Z_Morgue Room PBR/Models/props/Materials/cabinet_normal.tga using Guid(b69924bad1c49a14b9e0239e325bccf8) Importer(815301076,1909f56bfc062723c751e8b465ee728b)  -> (artifact id: '90803abf993977a5a3158ddcd6f1fed8') in 0.008820 seconds 
  Import took 0.011265 seconds .

========================================================================
Received Import Request.
  Time since last request: 0.000123 seconds.
  path: Assets/Z_Morgue Room PBR/Models/props/Materials/cabinet_AO.tga
  artifactKey: Guid(a5dbee595f707e746af1eb24df596222) Importer(815301076,1909f56bfc062723c751e8b465ee728b)
Start importing Assets/Z_Morgue Room PBR/Models/props/Materials/cabinet_AO.tga using Guid(a5dbee595f707e746af1eb24df596222) Importer(815301076,1909f56bfc062723c751e8b465ee728b)  -> (artifact id: 'f986ffcbcfe3d1263df2c8b46ef9fd3d') in 0.008887 seconds 
  Import took 0.011547 seconds .

========================================================================
Received Prepare
Refreshing native plugins compatible for Editor in 2.31 ms, found 2 plugins.
Preloading 0 native plugins for Editor in 0.00 ms.
Unloading 12 Unused Serialized files (Serialized files now loaded: 0)
System memory in use before: 52.2 MB.
System memory in use after: 52.3 MB.

Unloading 11 unused Assets to reduce memory usage. Loaded Objects now: 2223.
Total: 1.684400 ms (FindLiveObjects: 0.150500 ms CreateObjectMapping: 0.054900 ms MarkObjects: 1.468700 ms  DeleteObjects: 0.009700 ms)

AssetImportParameters requested are different than current active one (requested -> active):
  custom:framework-win-MediaFoundation: 216162199b28c13a410421893ffa2e32 -> 
  custom:video-decoder-ogg-theora: a1e56fd34408186e4bbccfd4996cb3dc -> 
  custom:container-muxer-webm: aa71ff27fc2769a1b78a27578f13a17b -> 
  custom:container-demuxer-webm: 4f35f7cbe854078d1ac9338744f61a02 -> 
  custom:container-demuxer-ogg: 62fdf1f143b41e24485cea50d1cbac27 -> 
  custom:video-encoder-webm-vp8: eb34c28f22e8b96e1ab97ce403110664 -> 
  custom:video-decoder-webm-vp8: 9c59270c3fd7afecdb556c50c9e8de78 -> 
  custom:audio-decoder-ogg-vorbis: bf7c407c2cedff20999df2af8eb42d56 -> 
  custom:audio-encoder-webm-vorbis: bf7c407c2cedff20999df2af8eb42d56 -> 
AssetImportWorkerClient::OnTransportError - code=2 error=End of file
